#
# A fatal error has been detected by the Java Runtime Environment:
#
#  SIGSEGV (0xb) at pc=0xb6e003d6, pid=6369, tid=3061582656
#
# JRE version: Java(TM) SE Runtime Environment (8.0-b129) (build 1.8.0-b129)
# Java VM: Java HotSpot(TM) Server VM (25.0-b69 mixed mode linux-x86 )
# Problematic frame:
# V  [libjvm.so+0x5fc3d6]  LinkResolver::resolve_invokevirtual(CallInfo&, Handle, constantPoolHandle, int, Thread*)+0x146
#
# Failed to write core dump. Core dumps have been disabled. To enable core dumping, try "ulimit -c unlimited" before starting Java again
#
# If you would like to submit a bug report, please visit:
#   http://bugreport.sun.com/bugreport/crash.jsp
#

---------------  T H R E A D  ---------------

Current thread (0xb6608c00):  JavaThread "main" [_thread_in_vm, id=6374, stack(0xb6770000,0xb67c1000)]

siginfo:si_signo=SIGSEGV: si_errno=0, si_code=1 (SEGV_MAPERR), si_addr=0x00002004

Registers:
EAX=0x00002000, EBX=0xb71598a0, ECX=0x6af8403c, EDX=0xb6607230
ESP=0xb67bf9b4, EBP=0xb67bf9ec, ESI=0x00000007, EDI=0xb6607230
EIP=0xb6e003d6, EFLAGS=0x00010286, CR2=0x00002004

Top of Stack: (sp=0xb67bf9b4)
0xb67bf9b4:   00000007 b6607320 00000006 b67bfa10
0xb67bf9c4:   6b2c9980 b6608c00 6b2c9980 6b2cb148
0xb67bf9d4:   6dc321a0 6dc26098 6b2cb148 b71598a0
0xb67bf9e4:   6b2c0020 b67bfbec b67bfabc b6e01cb2
0xb67bf9f4:   b67bfb94 b6607230 b67bfa80 00000020
0xb67bfa04:   b6608c00 b67bfaa4 b67bfc7c b67bfc7c
0xb67bfa14:   b67bfa98 00000001 00002a40 b71598a0
0xb67bfa24:   b6608c00 a73bd494 b67bfa5c b6bed008 

Instructions: (pc=0xb6e003d6)
0xb6e003b6:   5e 5f 5d c3 8d b6 00 00 00 00 8d 72 01 eb a4 8d
0xb6e003c6:   76 00 8b 7d 0c 31 c0 85 ff 74 08 8b 55 0c 8b 02
0xb6e003d6:   8b 40 04 56 56 8b 4d 18 51 6a 01 6a 01 8b 55 e4
0xb6e003e6:   52 8b 7d e8 57 8b 75 ec 56 8b 4d f0 51 50 8b 55 

Register to memory mapping:

EAX=0x00002000 is an unknown value
EBX=0xb71598a0: <offset 0x9558a0> in /usr/lib/jvm/java-8-oracle/jre/lib/i386/server/libjvm.so at 0xb6804000
ECX=0x6af8403c is an unknown value
EDX=0xb6607230 is an unknown value
ESP=0xb67bf9b4 is pointing into the stack for thread: 0xb6608c00
EBP=0xb67bf9ec is pointing into the stack for thread: 0xb6608c00
ESI=0x00000007 is an unknown value
EDI=0xb6607230 is an unknown value


Stack: [0xb6770000,0xb67c1000],  sp=0xb67bf9b4,  free space=318k
Native frames: (J=compiled Java code, j=interpreted, Vv=VM code, C=native code)
V  [libjvm.so+0x5fc3d6]  LinkResolver::resolve_invokevirtual(CallInfo&, Handle, constantPoolHandle, int, Thread*)+0x146
V  [libjvm.so+0x5fdcb2]  LinkResolver::resolve_invoke(CallInfo&, Handle, constantPoolHandle, int, Bytecodes::Code, Thread*)+0x252
V  [libjvm.so+0x4a8ff8]  InterpreterRuntime::resolve_invoke(JavaThread*, Bytecodes::Code)+0x198
j  java.lang.Throwable.printStackTrace()V+4
j  sun.nio.cs.StreamDecoder.readBytes()I+135
j  sun.nio.cs.StreamDecoder.implRead([CII)I+112
j  sun.nio.cs.StreamDecoder.read([CII)I+180
j  java.io.InputStreamReader.read([CII)I+7
j  java.io.BufferedReader.fill()V+145
j  java.io.BufferedReader.read()I+23
j  compiladores.Scanner.scanner(Ljava/io/InputStream;)V+272
j  compiladores.Compilador.main([Ljava/lang/String;)V+18
v  ~StubRoutines::call_stub
V  [libjvm.so+0x4af89f]  JavaCalls::call_helper(JavaValue*, methodHandle*, JavaCallArguments*, Thread*)+0x101f
V  [libjvm.so+0x6ecfe9]  os::os_exception_wrapper(void (*)(JavaValue*, methodHandle*, JavaCallArguments*, Thread*), JavaValue*, methodHandle*, JavaCallArguments*, Thread*)+0x19
V  [libjvm.so+0x4ade6f]  JavaCalls::call(JavaValue*, methodHandle, JavaCallArguments*, Thread*)+0x2f
V  [libjvm.so+0x4f4bdf]  jni_invoke_static(JNIEnv_*, JavaValue*, _jobject*, JNICallType, _jmethodID*, JNI_ArgumentPusher*, Thread*)+0x38f
V  [libjvm.so+0x4ffb0f]  jni_CallStaticVoidMethod+0xdf
C  [libjli.so+0x71bf]  JavaMain+0x91f
C  [libpthread.so.0+0x6d78]  start_thread+0xd8

Java frames: (J=compiled Java code, j=interpreted, Vv=VM code)
j  java.lang.Throwable.printStackTrace()V+4
j  sun.nio.cs.StreamDecoder.readBytes()I+135
j  sun.nio.cs.StreamDecoder.implRead([CII)I+112
j  sun.nio.cs.StreamDecoder.read([CII)I+180
j  java.io.InputStreamReader.read([CII)I+7
j  java.io.BufferedReader.fill()V+145
j  java.io.BufferedReader.read()I+23
j  compiladores.Scanner.scanner(Ljava/io/InputStream;)V+272
j  compiladores.Compilador.main([Ljava/lang/String;)V+18
v  ~StubRoutines::call_stub

---------------  P R O C E S S  ---------------

Java Threads: ( => current thread )
  0x6afc0c00 JavaThread "Service Thread" daemon [_thread_blocked, id=6396, stack(0x6aa39000,0x6aa8a000)]
  0x6afb3c00 JavaThread "C1 CompilerThread2" daemon [_thread_blocked, id=6395, stack(0x6aa8a000,0x6ab0b000)]
  0x6afb2400 JavaThread "C2 CompilerThread1" daemon [_thread_blocked, id=6394, stack(0x6ab0b000,0x6ab8c000)]
  0x6afb0800 JavaThread "C2 CompilerThread0" daemon [_thread_blocked, id=6393, stack(0x6ab8c000,0x6ac0d000)]
  0x6ad00800 JavaThread "JDWP Command Reader" daemon [_thread_in_native, id=6390, stack(0x6ac0d000,0x6ac5e000)]
  0x6afaec00 JavaThread "JDWP Event Helper Thread" daemon [_thread_blocked, id=6389, stack(0x6ac5e000,0x6acaf000)]
  0x6afac400 JavaThread "JDWP Transport Listener: dt_socket" daemon [_thread_blocked, id=6386, stack(0x6acaf000,0x6ad00000)]
  0x6afa4000 JavaThread "Signal Dispatcher" daemon [_thread_blocked, id=6384, stack(0x6b010000,0x6b061000)]
  0x6af86c00 JavaThread "Finalizer" daemon [_thread_blocked, id=6382, stack(0x6d82e000,0x6d87f000)]
  0x6af84400 JavaThread "Reference Handler" daemon [_thread_blocked, id=6381, stack(0x6da2e000,0x6da7f000)]
=>0xb6608c00 JavaThread "main" [_thread_in_vm, id=6374, stack(0xb6770000,0xb67c1000)]

Other Threads:
  0x6af81400 VMThread [stack: 0x6b061000,0x6b0e2000] [id=6380]
  0x6afc2800 WatcherThread [stack: 0x6a9b8000,0x6aa39000] [id=6397]

VM state:not at safepoint (normal execution)

VM Mutex/Monitor currently owned by a thread: None

Heap:
 PSYoungGen      total 17408K, used 1510K [0x93ec0000, 0x95200000, 0xa6e00000)
  eden space 15104K, 10% used [0x93ec0000,0x94039ad0,0x94d80000)
  from space 2304K, 0% used [0x94fc0000,0x94fc0000,0x95200000)
  to   space 2304K, 0% used [0x94d80000,0x94d80000,0x94fc0000)
 ParOldGen       total 39680K, used 0K [0x6e000000, 0x706c0000, 0x93ec0000)
  object space 39680K, 0% used [0x6e000000,0x6e000000,0x706c0000)
 Metaspace       used 1623K, capacity 2272K, committed 2328K, reserved 4400K

Card table byte_map: [0xa6e16000,0xa6fde000] byte_map_base: 0xa6aa6000

Marking Bits: (ParMarkBitMap*) 0xb7183d20
 Begin Bits: [0x6ba90000, 0x6c8c8000)
 End Bits:   [0x6c8c8000, 0x6d700000)

Polling page: 0xb778b000

CodeCache: size=245760Kb used=671Kb max_used=671Kb free=245088Kb
 bounds [0xa739e000, 0xa75de000, 0xb639e000]
 total_blobs=157 nmethods=13 adapters=68
 compilation: enabled

Compilation events (10 events):
Event: 0,122 Thread 0x6afb3c00    9       3       java.lang.AbstractStringBuilder::ensureCapacityInternal (16 bytes)
Event: 0,122 Thread 0x6afb3c00 nmethod 9 0xa74411c8 code [0xa74412e0, 0xa744140c]
Event: 0,123 Thread 0x6afb3c00   10       1       java.lang.Object::<init> (1 bytes)
Event: 0,123 Thread 0x6afb3c00 nmethod 10 0xa743e708 code [0xa743e800, 0xa743e8a0]
Event: 0,123 Thread 0x6afb3c00   11       1       java.lang.ref.Reference::get (5 bytes)
Event: 0,123 Thread 0x6afb3c00 nmethod 11 0xa7440fc8 code [0xa74410c0, 0xa7441160]
Event: 0,126 Thread 0x6afb3c00   12       1       java.lang.ThreadLocal::access$400 (5 bytes)
Event: 0,126 Thread 0x6afb3c00 nmethod 12 0xa7440dc8 code [0xa7440ec0, 0xa7440f40]
Event: 0,126 Thread 0x6afb3c00   13       3       java.util.Arrays::copyOfRange (63 bytes)
Event: 0,127 Thread 0x6afb3c00 nmethod 13 0xa7445888 code [0xa7445a60, 0xa74462c8]

GC Heap History (0 events):
No events

Deoptimization events (0 events):
No events

Internal exceptions (5 events):
Event: 0,044 Thread 0xb6608c00 Exception <a 'java/lang/NoSuchMethodError': Method sun.misc.Unsafe.defineClass(Ljava/lang/String;[BII)Ljava/lang/Class; name or signature does not match> (0x93ecf478) thrown at [/HUDSON/workspace/8-2-build-linux-i586/jdk8/1854/hotspot/src/share/vm/prims/j
Event: 0,044 Thread 0xb6608c00 Exception <a 'java/lang/NoSuchMethodError': Method sun.misc.Unsafe.prefetchRead(Ljava/lang/Object;J)V name or signature does not match> (0x93ecf6f8) thrown at [/HUDSON/workspace/8-2-build-linux-i586/jdk8/1854/hotspot/src/share/vm/prims/jni.cpp, line 3994]
Event: 0,122 Thread 0xb6608c00 Exception <a 'java/security/PrivilegedActionException'> (0x93fa51b0) thrown at [/HUDSON/workspace/8-2-build-linux-i586/jdk8/1854/hotspot/src/share/vm/prims/jvm.cpp, line 1248]
Event: 0,127 Thread 0xb6608c00 Exception <a 'java/security/PrivilegedActionException'> (0x93fab3d0) thrown at [/HUDSON/workspace/8-2-build-linux-i586/jdk8/1854/hotspot/src/share/vm/prims/jvm.cpp, line 1248]
Event: 276,533 Thread 0xb6608c00 Exception <a 'java/security/PrivilegedActionException'> (0x93fbb168) thrown at [/HUDSON/workspace/8-2-build-linux-i586/jdk8/1854/hotspot/src/share/vm/prims/jvm.cpp, line 1248]

Events (10 events):
Event: 694,792 Executing VM operation: ChangeSingleStep
Event: 694,792 Executing VM operation: ChangeSingleStep done
Event: 694,822 Executing VM operation: EnterInterpOnlyMode
Event: 694,822 Executing VM operation: EnterInterpOnlyMode done
Event: 694,822 Executing VM operation: GetCurrentLocation
Event: 694,822 Executing VM operation: GetCurrentLocation done
Event: 694,822 Executing VM operation: ChangeSingleStep
Event: 694,822 Executing VM operation: ChangeSingleStep done
Event: 694,823 Executing VM operation: ChangeSingleStep
Event: 694,823 Executing VM operation: ChangeSingleStep done


Dynamic libraries:
08048000-08049000 r-xp 00000000 08:05 4067623    /usr/lib/jvm/java-8-oracle/bin/java
08049000-0804a000 rw-p 00000000 08:05 4067623    /usr/lib/jvm/java-8-oracle/bin/java
08f29000-08f4a000 rw-p 00000000 00:00 0          [heap]
6a783000-6a9b8000 rw-p 00000000 00:00 0 
6a9b8000-6a9b9000 ---p 00000000 00:00 0 
6a9b9000-6aa39000 rw-p 00000000 00:00 0          [stack:6397]
6aa39000-6aa3c000 ---p 00000000 00:00 0 
6aa3c000-6aa8a000 rw-p 00000000 00:00 0          [stack:6396]
6aa8a000-6aa8d000 ---p 00000000 00:00 0 
6aa8d000-6ab0b000 rw-p 00000000 00:00 0          [stack:6395]
6ab0b000-6ab0e000 ---p 00000000 00:00 0 
6ab0e000-6ab8c000 rw-p 00000000 00:00 0          [stack:6394]
6ab8c000-6ab8f000 ---p 00000000 00:00 0 
6ab8f000-6ac0d000 rw-p 00000000 00:00 0          [stack:6393]
6ac0d000-6ac10000 ---p 00000000 00:00 0 
6ac10000-6ac5e000 rw-p 00000000 00:00 0          [stack:6390]
6ac5e000-6ac61000 ---p 00000000 00:00 0 
6ac61000-6acaf000 rw-p 00000000 00:00 0          [stack:6389]
6acaf000-6acb2000 ---p 00000000 00:00 0 
6acb2000-6ad00000 rw-p 00000000 00:00 0          [stack:6386]
6ad00000-6ad21000 rw-p 00000000 00:00 0 
6ad21000-6ae00000 ---p 00000000 00:00 0 
6ae00000-6ae21000 rw-p 00000000 00:00 0 
6ae21000-6af00000 ---p 00000000 00:00 0 
6af00000-6afd6000 rw-p 00000000 00:00 0 
6afd6000-6b000000 ---p 00000000 00:00 0 
6b010000-6b013000 ---p 00000000 00:00 0 
6b013000-6b061000 rw-p 00000000 00:00 0          [stack:6384]
6b061000-6b062000 ---p 00000000 00:00 0 
6b062000-6b0e2000 rw-p 00000000 00:00 0          [stack:6380]
6b0e2000-6b2b6000 r--s 03c3f000 08:05 3946624    /usr/lib/jvm/java-8-oracle/jre/lib/rt.jar
6b2b6000-6b4fc000 rw-p 00000000 00:00 0 
6b4fc000-6b702000 ---p 00000000 00:00 0 
6b702000-6d700000 rw-p 00000000 00:00 0 
6d700000-6d721000 rw-p 00000000 00:00 0 
6d721000-6d800000 ---p 00000000 00:00 0 
6d82e000-6d831000 ---p 00000000 00:00 0 
6d831000-6d87f000 rw-p 00000000 00:00 0          [stack:6382]
6d87f000-6d880000 ---p 00000000 00:00 0 
6d880000-6d900000 rw-p 00000000 00:00 0          [stack:6379]
6d900000-6d921000 rw-p 00000000 00:00 0 
6d921000-6da00000 ---p 00000000 00:00 0 
6da2e000-6da31000 ---p 00000000 00:00 0 
6da31000-6da7f000 rw-p 00000000 00:00 0          [stack:6381]
6da7f000-6da80000 ---p 00000000 00:00 0 
6da80000-6db00000 rw-p 00000000 00:00 0          [stack:6378]
6db00000-6db45000 rw-p 00000000 00:00 0 
6db45000-6dc00000 ---p 00000000 00:00 0 
6dc24000-6dc7f000 rw-p 00000000 00:00 0 
6dc7f000-6dc80000 ---p 00000000 00:00 0 
6dc80000-6dd00000 rw-p 00000000 00:00 0          [stack:6376]
6dd00000-6dd21000 rw-p 00000000 00:00 0 
6dd21000-6de00000 ---p 00000000 00:00 0 
6de00000-6de4f000 rw-p 00000000 00:00 0 
6de4f000-6de50000 ---p 00000000 00:00 0 
6de50000-6dee4000 rw-p 00000000 00:00 0          [stack:6375]
6dee4000-6e000000 ---p 00000000 00:00 0 
6e000000-706c0000 rw-p 00000000 00:00 0 
706c0000-93ec0000 ---p 00000000 00:00 0 
93ec0000-95200000 rw-p 00000000 00:00 0 
95200000-a6e00000 ---p 00000000 00:00 0 
a6e00000-a6e2a000 rw-p 00000000 00:00 0 
a6e2a000-a6f45000 ---p 00000000 00:00 0 
a6f45000-a6f4f000 rw-p 00000000 00:00 0 
a6f4f000-a6fdd000 ---p 00000000 00:00 0 
a6fdd000-a6fe7000 rw-p 00000000 00:00 0 
a6fe7000-a739e000 ---p 00000000 00:00 0 
a739e000-a75de000 rwxp 00000000 00:00 0 
a75de000-b639e000 ---p 00000000 00:00 0 
b639e000-b63b7000 r-xp 00000000 08:05 4064982    /usr/lib/jvm/java-8-oracle/jre/lib/i386/libzip.so
b63b7000-b63b8000 rw-p 00018000 08:05 4064982    /usr/lib/jvm/java-8-oracle/jre/lib/i386/libzip.so
b63b8000-b63c3000 r-xp 00000000 08:05 263169     /lib/i386-linux-gnu/libnss_files-2.17.so
b63c3000-b63c4000 r--p 0000a000 08:05 263169     /lib/i386-linux-gnu/libnss_files-2.17.so
b63c4000-b63c5000 rw-p 0000b000 08:05 263169     /lib/i386-linux-gnu/libnss_files-2.17.so
b63c5000-b63cf000 r-xp 00000000 08:05 263174     /lib/i386-linux-gnu/libnss_nis-2.17.so
b63cf000-b63d0000 r--p 00009000 08:05 263174     /lib/i386-linux-gnu/libnss_nis-2.17.so
b63d0000-b63d1000 rw-p 0000a000 08:05 263174     /lib/i386-linux-gnu/libnss_nis-2.17.so
b63d1000-b63e6000 r-xp 00000000 08:05 263163     /lib/i386-linux-gnu/libnsl-2.17.so
b63e6000-b63e7000 r--p 00014000 08:05 263163     /lib/i386-linux-gnu/libnsl-2.17.so
b63e7000-b63e8000 rw-p 00015000 08:05 263163     /lib/i386-linux-gnu/libnsl-2.17.so
b63e8000-b63ea000 rw-p 00000000 00:00 0 
b63f7000-b63f8000 rw-p 00000000 00:00 0 
b63f8000-b6400000 rw-s 00000000 08:05 2621463    /tmp/hsperfdata_popoto/6369
b6400000-b6600000 r--p 00000000 08:05 3940537    /usr/lib/locale/locale-archive
b6600000-b66fa000 rw-p 00000000 00:00 0 
b66fa000-b6700000 ---p 00000000 00:00 0 
b6700000-b6701000 rw-p 00000000 00:00 0 
b6701000-b6708000 r-xp 00000000 08:05 263165     /lib/i386-linux-gnu/libnss_compat-2.17.so
b6708000-b6709000 r--p 00006000 08:05 263165     /lib/i386-linux-gnu/libnss_compat-2.17.so
b6709000-b670a000 rw-p 00007000 08:05 263165     /lib/i386-linux-gnu/libnss_compat-2.17.so
b670a000-b6741000 r-xp 00000000 08:05 4064991    /usr/lib/jvm/java-8-oracle/jre/lib/i386/libjdwp.so
b6741000-b6742000 rw-p 00037000 08:05 4064991    /usr/lib/jvm/java-8-oracle/jre/lib/i386/libjdwp.so
b6742000-b6766000 r-xp 00000000 08:05 4064970    /usr/lib/jvm/java-8-oracle/jre/lib/i386/libjava.so
b6766000-b6767000 rw-p 00023000 08:05 4064970    /usr/lib/jvm/java-8-oracle/jre/lib/i386/libjava.so
b6767000-b676e000 r-xp 00000000 08:05 263217     /lib/i386-linux-gnu/librt-2.17.so
b676e000-b676f000 r--p 00006000 08:05 263217     /lib/i386-linux-gnu/librt-2.17.so
b676f000-b6770000 rw-p 00007000 08:05 263217     /lib/i386-linux-gnu/librt-2.17.so
b6770000-b6773000 ---p 00000000 00:00 0 
b6773000-b67c1000 rw-p 00000000 00:00 0          [stack:6374]
b67c1000-b6802000 r-xp 00000000 08:05 263144     /lib/i386-linux-gnu/libm-2.17.so
b6802000-b6803000 r--p 00040000 08:05 263144     /lib/i386-linux-gnu/libm-2.17.so
b6803000-b6804000 rw-p 00041000 08:05 263144     /lib/i386-linux-gnu/libm-2.17.so
b6804000-b710c000 r-xp 00000000 08:05 4064964    /usr/lib/jvm/java-8-oracle/jre/lib/i386/server/libjvm.so
b710c000-b7174000 rw-p 00907000 08:05 4064964    /usr/lib/jvm/java-8-oracle/jre/lib/i386/server/libjvm.so
b7174000-b7598000 rw-p 00000000 00:00 0 
b7598000-b7746000 r-xp 00000000 08:05 263093     /lib/i386-linux-gnu/libc-2.17.so
b7746000-b7748000 r--p 001ae000 08:05 263093     /lib/i386-linux-gnu/libc-2.17.so
b7748000-b7749000 rw-p 001b0000 08:05 263093     /lib/i386-linux-gnu/libc-2.17.so
b7749000-b774c000 rw-p 00000000 00:00 0 
b774c000-b774f000 r-xp 00000000 08:05 263108     /lib/i386-linux-gnu/libdl-2.17.so
b774f000-b7750000 r--p 00002000 08:05 263108     /lib/i386-linux-gnu/libdl-2.17.so
b7750000-b7751000 rw-p 00003000 08:05 263108     /lib/i386-linux-gnu/libdl-2.17.so
b7751000-b7765000 r-xp 00000000 08:05 4065120    /usr/lib/jvm/java-8-oracle/lib/i386/jli/libjli.so
b7765000-b7766000 rw-p 00013000 08:05 4065120    /usr/lib/jvm/java-8-oracle/lib/i386/jli/libjli.so
b7766000-b7767000 rw-p 00000000 00:00 0 
b7767000-b777e000 r-xp 00000000 08:05 263209     /lib/i386-linux-gnu/libpthread-2.17.so
b777e000-b777f000 r--p 00016000 08:05 263209     /lib/i386-linux-gnu/libpthread-2.17.so
b777f000-b7780000 rw-p 00017000 08:05 263209     /lib/i386-linux-gnu/libpthread-2.17.so
b7780000-b7783000 rw-p 00000000 00:00 0 
b7783000-b7786000 r-xp 00000000 08:05 4064988    /usr/lib/jvm/java-8-oracle/jre/lib/i386/libdt_socket.so
b7786000-b7787000 rw-p 00003000 08:05 4064988    /usr/lib/jvm/java-8-oracle/jre/lib/i386/libdt_socket.so
b7787000-b7789000 r-xp 00000000 08:05 4065010    /usr/lib/jvm/java-8-oracle/jre/lib/i386/libnpt.so
b7789000-b778a000 rw-p 00002000 08:05 4065010    /usr/lib/jvm/java-8-oracle/jre/lib/i386/libnpt.so
b778a000-b778b000 rw-p 00000000 00:00 0 
b778b000-b778c000 r--p 00000000 00:00 0 
b778c000-b7797000 r-xp 00000000 08:05 4064997    /usr/lib/jvm/java-8-oracle/jre/lib/i386/libverify.so
b7797000-b7798000 rw-p 0000b000 08:05 4064997    /usr/lib/jvm/java-8-oracle/jre/lib/i386/libverify.so
b7798000-b779a000 rw-p 00000000 00:00 0 
b779a000-b779b000 r-xp 00000000 00:00 0          [vdso]
b779b000-b77bb000 r-xp 00000000 08:05 263069     /lib/i386-linux-gnu/ld-2.17.so
b77bb000-b77bc000 r--p 0001f000 08:05 263069     /lib/i386-linux-gnu/ld-2.17.so
b77bc000-b77bd000 rw-p 00020000 08:05 263069     /lib/i386-linux-gnu/ld-2.17.so
bfe10000-bfe11000 rwxp 00000000 00:00 0 
bfe43000-bfe64000 rw-p 00000000 00:00 0          [stack]

VM Arguments:
jvm_args: -agentlib:jdwp=transport=dt_socket,suspend=y,address=localhost:33865 -Dfile.encoding=UTF-8 
java_command: compiladores.Compilador
java_class_path (initial): /home/popoto/workspace/Compiladores/bin
Launcher Type: SUN_STANDARD

Environment Variables:
PATH=/usr/local/sbin:/usr/local/bin:/usr/sbin:/usr/bin:/sbin:/bin:/usr/games:/usr/local/games
USERNAME=popoto
LD_LIBRARY_PATH=/usr/lib/jvm/java-8-oracle/jre/lib/i386/server:/usr/lib/jvm/java-8-oracle/jre/lib/i386:/usr/lib/jvm/java-8-oracle/jre/../lib/i386:/usr/lib/jvm/java-8-oracle/jre/lib/i386/client:/usr/lib/jvm/java-8-oracle/jre/lib/i386:
SHELL=/bin/bash
DISPLAY=:0

Signal Handlers:
SIGSEGV: [libjvm.so+0x862ce0], sa_mask[0]=0x7ffbfeff, sa_flags=0x10000004
SIGBUS: [libjvm.so+0x862ce0], sa_mask[0]=0x7ffbfeff, sa_flags=0x10000004
SIGFPE: [libjvm.so+0x6eeec0], sa_mask[0]=0x7ffbfeff, sa_flags=0x10000004
SIGPIPE: [libjvm.so+0x6eeec0], sa_mask[0]=0x7ffbfeff, sa_flags=0x10000004
SIGXFSZ: [libjvm.so+0x6eeec0], sa_mask[0]=0x7ffbfeff, sa_flags=0x10000004
SIGILL: [libjvm.so+0x6eeec0], sa_mask[0]=0x7ffbfeff, sa_flags=0x10000004
SIGUSR1: SIG_DFL, sa_mask[0]=0x00000000, sa_flags=0x00000000
SIGUSR2: [libjvm.so+0x6f05d0], sa_mask[0]=0x00000004, sa_flags=0x10000004
SIGHUP: [libjvm.so+0x6f19e0], sa_mask[0]=0x7ffbfeff, sa_flags=0x10000004
SIGINT: [libjvm.so+0x6f19e0], sa_mask[0]=0x7ffbfeff, sa_flags=0x10000004
SIGTERM: [libjvm.so+0x6f19e0], sa_mask[0]=0x7ffbfeff, sa_flags=0x10000004
SIGQUIT: [libjvm.so+0x6f19e0], sa_mask[0]=0x7ffbfeff, sa_flags=0x10000004


---------------  S Y S T E M  ---------------

OS:DISTRIB_ID=Ubuntu
DISTRIB_RELEASE=13.10
DISTRIB_CODENAME=saucy
DISTRIB_DESCRIPTION="Ubuntu 13.10"

uname:Linux 3.11.0-18-generic #32-Ubuntu SMP Tue Feb 18 21:13:28 UTC 2014 i686
libc:glibc 2.17 NPTL 2.17 
rlimit: STACK 8192k, CORE 0k, NPROC 28930, NOFILE 4096, AS infinity
load average:0,55 0,75 1,11

/proc/meminfo:
MemTotal:        3720628 kB
MemFree:         1043744 kB
Buffers:          168392 kB
Cached:          1001568 kB
SwapCached:            0 kB
Active:          1830560 kB
Inactive:         705992 kB
Active(anon):    1367820 kB
Inactive(anon):    10552 kB
Active(file):     462740 kB
Inactive(file):   695440 kB
Unevictable:          88 kB
Mlocked:              88 kB
HighTotal:       2867568 kB
HighFree:         472868 kB
LowTotal:         853060 kB
LowFree:          570876 kB
SwapTotal:       3793916 kB
SwapFree:        3793916 kB
Dirty:               360 kB
Writeback:             0 kB
AnonPages:       1366636 kB
Mapped:           187540 kB
Shmem:             11656 kB
Slab:              95876 kB
SReclaimable:      76692 kB
SUnreclaim:        19184 kB
KernelStack:        5208 kB
PageTables:        15632 kB
NFS_Unstable:          0 kB
Bounce:                0 kB
WritebackTmp:          0 kB
CommitLimit:     5654228 kB
Committed_AS:    5306240 kB
VmallocTotal:     122880 kB
VmallocUsed:       10720 kB
VmallocChunk:     109764 kB
HardwareCorrupted:     0 kB
AnonHugePages:         0 kB
HugePages_Total:       0
HugePages_Free:        0
HugePages_Rsvd:        0
HugePages_Surp:        0
Hugepagesize:       2048 kB
DirectMap4k:       10232 kB
DirectMap2M:      901120 kB


CPU:total 4 (2 cores per cpu, 2 threads per core) family 6 model 58 stepping 9, cmov, cx8, fxsr, mmx, sse, sse2, sse3, ssse3, sse4.1, sse4.2, popcnt, avx, clmul, erms, ht, tsc, tscinvbit

/proc/cpuinfo:
processor	: 0
vendor_id	: GenuineIntel
cpu family	: 6
model		: 58
model name	: Intel(R) Core(TM) i5-3210M CPU @ 2.50GHz
stepping	: 9
microcode	: 0x12
cpu MHz		: 2501.000
cache size	: 3072 KB
physical id	: 0
siblings	: 4
core id		: 0
cpu cores	: 2
apicid		: 0
initial apicid	: 0
fdiv_bug	: no
f00f_bug	: no
coma_bug	: no
fpu		: yes
fpu_exception	: yes
cpuid level	: 13
wp		: yes
flags		: fpu vme de pse tsc msr pae mce cx8 apic sep mtrr pge mca cmov pat pse36 clflush dts acpi mmx fxsr sse sse2 ss ht tm pbe nx rdtscp lm constant_tsc arch_perfmon pebs bts xtopology nonstop_tsc aperfmperf eagerfpu pni pclmulqdq dtes64 monitor ds_cpl vmx est tm2 ssse3 cx16 xtpr pdcm pcid sse4_1 sse4_2 x2apic popcnt tsc_deadline_timer xsave avx f16c rdrand lahf_lm ida arat epb xsaveopt pln pts dtherm tpr_shadow vnmi flexpriority ept vpid fsgsbase smep erms
bogomips	: 4988.52
clflush size	: 64
cache_alignment	: 64
address sizes	: 36 bits physical, 48 bits virtual
power management:

processor	: 1
vendor_id	: GenuineIntel
cpu family	: 6
model		: 58
model name	: Intel(R) Core(TM) i5-3210M CPU @ 2.50GHz
stepping	: 9
microcode	: 0x12
cpu MHz		: 2501.000
cache size	: 3072 KB
physical id	: 0
siblings	: 4
core id		: 0
cpu cores	: 2
apicid		: 1
initial apicid	: 1
fdiv_bug	: no
f00f_bug	: no
coma_bug	: no
fpu		: yes
fpu_exception	: yes
cpuid level	: 13
wp		: yes
flags		: fpu vme de pse tsc msr pae mce cx8 apic sep mtrr pge mca cmov pat pse36 clflush dts acpi mmx fxsr sse sse2 ss ht tm pbe nx rdtscp lm constant_tsc arch_perfmon pebs bts xtopology nonstop_tsc aperfmperf eagerfpu pni pclmulqdq dtes64 monitor ds_cpl vmx est tm2 ssse3 cx16 xtpr pdcm pcid sse4_1 sse4_2 x2apic popcnt tsc_deadline_timer xsave avx f16c rdrand lahf_lm ida arat epb xsaveopt pln pts dtherm tpr_shadow vnmi flexpriority ept vpid fsgsbase smep erms
bogomips	: 4988.52
clflush size	: 64
cache_alignment	: 64
address sizes	: 36 bits physical, 48 bits virtual
power management:

processor	: 2
vendor_id	: GenuineIntel
cpu family	: 6
model		: 58
model name	: Intel(R) Core(TM) i5-3210M CPU @ 2.50GHz
stepping	: 9
microcode	: 0x12
cpu MHz		: 2501.000
cache size	: 3072 KB
physical id	: 0
siblings	: 4
core id		: 1
cpu cores	: 2
apicid		: 2
initial apicid	: 2
fdiv_bug	: no
f00f_bug	: no
coma_bug	: no
fpu		: yes
fpu_exception	: yes
cpuid level	: 13
wp		: yes
flags		: fpu vme de pse tsc msr pae mce cx8 apic sep mtrr pge mca cmov pat pse36 clflush dts acpi mmx fxsr sse sse2 ss ht tm pbe nx rdtscp lm constant_tsc arch_perfmon pebs bts xtopology nonstop_tsc aperfmperf eagerfpu pni pclmulqdq dtes64 monitor ds_cpl vmx est tm2 ssse3 cx16 xtpr pdcm pcid sse4_1 sse4_2 x2apic popcnt tsc_deadline_timer xsave avx f16c rdrand lahf_lm ida arat epb xsaveopt pln pts dtherm tpr_shadow vnmi flexpriority ept vpid fsgsbase smep erms
bogomips	: 4988.52
clflush size	: 64
cache_alignment	: 64
address sizes	: 36 bits physical, 48 bits virtual
power management:

processor	: 3
vendor_id	: GenuineIntel
cpu family	: 6
model		: 58
model name	: Intel(R) Core(TM) i5-3210M CPU @ 2.50GHz
stepping	: 9
microcode	: 0x12
cpu MHz		: 2501.000
cache size	: 3072 KB
physical id	: 0
siblings	: 4
core id		: 1
cpu cores	: 2
apicid		: 3
initial apicid	: 3
fdiv_bug	: no
f00f_bug	: no
coma_bug	: no
fpu		: yes
fpu_exception	: yes
cpuid level	: 13
wp		: yes
flags		: fpu vme de pse tsc msr pae mce cx8 apic sep mtrr pge mca cmov pat pse36 clflush dts acpi mmx fxsr sse sse2 ss ht tm pbe nx rdtscp lm constant_tsc arch_perfmon pebs bts xtopology nonstop_tsc aperfmperf eagerfpu pni pclmulqdq dtes64 monitor ds_cpl vmx est tm2 ssse3 cx16 xtpr pdcm pcid sse4_1 sse4_2 x2apic popcnt tsc_deadline_timer xsave avx f16c rdrand lahf_lm ida arat epb xsaveopt pln pts dtherm tpr_shadow vnmi flexpriority ept vpid fsgsbase smep erms
bogomips	: 4988.52
clflush size	: 64
cache_alignment	: 64
address sizes	: 36 bits physical, 48 bits virtual
power management:



Memory: 4k page, physical 3720628k(1043744k free), swap 3793916k(3793916k free)

vm_info: Java HotSpot(TM) Server VM (25.0-b69) for linux-x86 JRE (1.8.0-b129), built on Feb  7 2014 13:32:57 by "java_re" with gcc 4.3.0 20080428 (Red Hat 4.3.0-8)

time: Sat Mar  8 15:41:53 2014
elapsed time: 694 seconds

